<?xml version="1.0" encoding="UTF-8"?>
<!-- Generated by org.testng.reporters.JUnitReportReporter -->
<testsuite hostname="DESKTOP-PJQ4V1R" failures="0" tests="1" name="com.Edvora.testCases.TS002_Login" time="12.288" errors="0" timestamp="2022-04-11T13:37:06 IST" skipped="0">
  <testcase classname="com.Edvora.testCases.TS002_Login" name="loginTest" time="12.288"/>
  <system-out/>
</testsuite> <!-- com.Edvora.testCases.TS002_Login -->
